<?xml version="1.0" encoding="UTF-8"?>
<testng-results skipped="0" failed="0" ignored="0" total="1" passed="1">
  <reporter-output>
  </reporter-output>
  <suite name="Default suite" duration-ms="6954" started-at="2018-01-02T10:06:31Z" finished-at="2018-01-02T10:06:38Z">
    <groups>
    </groups>
    <test name="Default test" duration-ms="6954" started-at="2018-01-02T10:06:31Z" finished-at="2018-01-02T10:06:38Z">
      <class name="demo.IE_Browser_TestCase">
        <test-method status="PASS" signature="test()[pri:1, instance:demo.IE_Browser_TestCase@3bfdc050]" name="test" duration-ms="6939" started-at="2018-01-02T15:36:31Z" finished-at="2018-01-02T15:36:38Z">
          <reporter-output>
          </reporter-output>
        </test-method> <!-- test -->
      </class> <!-- demo.IE_Browser_TestCase -->
    </test> <!-- Default test -->
  </suite> <!-- Default suite -->
</testng-results>
